<?xml version="1.0" encoding="UTF-8"?>
<!-- Generated by org.testng.reporters.JUnitReportReporter -->
<testsuite name="TestScripts.ValidateBookingsSection" tests="1" time="37.381" ignored="3" failures="0" timestamp="08 Apr 2017 10:00:36 GMT" skipped="0" hostname="ADMIN-PC" errors="0">
  <testcase name="Validate_BookingsSection" time="37.381" classname="TestScripts.ValidateBookingsSection"/>
  <testcase name="afterSuite" classname="SupportLibraries.SeleniumHelper">
    <skipped/>
  </testcase> <!-- afterSuite -->
  <testcase name="afterSuite" classname="SupportLibraries.SeleniumHelper">
    <skipped/>
  </testcase> <!-- afterSuite -->
  <testcase name="afterSuite" classname="SupportLibraries.SeleniumHelper">
    <skipped/>
  </testcase> <!-- afterSuite -->
</testsuite> <!-- TestScripts.ValidateBookingsSection -->
