<?xml version="1.0" encoding="UTF-8"?>
<!-- Generated by org.testng.reporters.JUnitReportReporter -->
<testsuite name="TestScripts.ValidateFieldsinSampleFormsPage" tests="1" time="17.150" ignored="1" failures="0" timestamp="26 Mar 2017 17:09:15 GMT" skipped="0" hostname="ADMIN-PC" errors="0">
  <testcase name="ValidateDifferentFieldsinSampleFormsPage" time="17.150" classname="TestScripts.ValidateFieldsinSampleFormsPage"/>
  <testcase name="afterSuite" classname="SupportLibraries.SeleniumHelper">
    <skipped/>
  </testcase> <!-- afterSuite -->
</testsuite> <!-- TestScripts.ValidateFieldsinSampleFormsPage -->
