<?xml version="1.0" encoding="UTF-8"?>
<!-- Generated by org.testng.reporters.JUnitReportReporter -->
<testsuite name="TestScripts.ValidateDifferentTabs" tests="1" time="30.145" ignored="1" failures="0" timestamp="26 Mar 2017 17:09:15 GMT" skipped="0" hostname="ADMIN-PC" errors="0">
  <testcase name="ValidateDifferentTabsNavigation" time="30.145" classname="TestScripts.ValidateDifferentTabs"/>
  <testcase name="afterSuite" classname="SupportLibraries.SeleniumHelper">
    <skipped/>
  </testcase> <!-- afterSuite -->
</testsuite> <!-- TestScripts.ValidateDifferentTabs -->
